<?xml version="1.0" encoding="UTF-8"?>
<!-- Generated by org.testng.reporters.JUnitXMLReporter -->
<testsuite hostname="amanjain-WX-2" name="Command line test" tests="1" failures="1" timestamp="4 Jun 2017 11:23:28 GMT" time="1.126" errors="0">
  <testcase name="testGetCities" time="1.126" classname="br.com.cinq.sprin.data.controller.AppControllerTest">
    <failure type="org.springframework.web.client.ResourceAccessException" message="I/O error on GET request for &amp;quot;http://localhost:9000/rest/cities/?country=France&amp;quot;:Connection refused: connect; nested exception is java.net.ConnectException: Connection refused: connect">
      <![CDATA[org.springframework.web.client.ResourceAccessException: I/O error on GET request for "http://localhost:9000/rest/cities/?country=France":Connection refused: connect; nested exception is java.net.ConnectException: Connection refused: connect
	at org.springframework.web.client.RestTemplate.doExecute(RestTemplate.java:580)
	at org.springframework.web.client.RestTemplate.execute(RestTemplate.java:545)
	at org.springframework.web.client.RestTemplate.exchange(RestTemplate.java:466)
	at br.com.cinq.sprin.data.controller.AppControllerTest.testGetCities(AppControllerTest.java:115)
Caused by: java.net.ConnectException: Connection refused: connect
	at java.net.DualStackPlainSocketImpl.connect0(Native Method)
	at java.net.DualStackPlainSocketImpl.socketConnect(DualStackPlainSocketImpl.java:79)
	at java.net.AbstractPlainSocketImpl.doConnect(AbstractPlainSocketImpl.java:350)
	at java.net.AbstractPlainSocketImpl.connectToAddress(AbstractPlainSocketImpl.java:206)
	at java.net.AbstractPlainSocketImpl.connect(AbstractPlainSocketImpl.java:188)
	at java.net.PlainSocketImpl.connect(PlainSocketImpl.java:172)
	at java.net.SocksSocketImpl.connect(SocksSocketImpl.java:392)
	at java.net.Socket.connect(Socket.java:589)
	at java.net.Socket.connect(Socket.java:538)
	at sun.net.NetworkClient.doConnect(NetworkClient.java:180)
	at sun.net.www.http.HttpClient.openServer(HttpClient.java:432)
	at sun.net.www.http.HttpClient.openServer(HttpClient.java:527)
	at sun.net.www.http.HttpClient.<init>(HttpClient.java:211)
	at sun.net.www.http.HttpClient.New(HttpClient.java:308)
	at sun.net.www.http.HttpClient.New(HttpClient.java:326)
	at sun.net.www.protocol.http.HttpURLConnection.getNewHttpClient(HttpURLConnection.java:1202)
	at sun.net.www.protocol.http.HttpURLConnection.plainConnect0(HttpURLConnection.java:1138)
	at sun.net.www.protocol.http.HttpURLConnection.plainConnect(HttpURLConnection.java:1032)
	at sun.net.www.protocol.http.HttpURLConnection.connect(HttpURLConnection.java:966)
	at org.springframework.http.client.SimpleBufferingClientHttpRequest.executeInternal(SimpleBufferingClientHttpRequest.java:81)
	at org.springframework.http.client.AbstractBufferingClientHttpRequest.executeInternal(AbstractBufferingClientHttpRequest.java:48)
	at org.springframework.http.client.AbstractClientHttpRequest.execute(AbstractClientHttpRequest.java:53)
	at org.springframework.web.client.RestTemplate.doExecute(RestTemplate.java:569)
	... 36 more
... Removed 33 stack frames]]>
    </failure>
  </testcase> <!-- testGetCities -->
</testsuite> <!-- Command line test -->
