<?xml version="1.0" encoding="UTF-8"?>
<!-- Generated by org.testng.reporters.JUnitXMLReporter -->
<testsuite hostname="amanjain-WX-2" name="Command line test" tests="15" failures="0" timestamp="5 Jun 2017 18:40:00 GMT" time="5.095" errors="0">
  <testcase name="testAddNewCities" time="0.154" classname="br.com.cinq.sample.controller.AppControllerTest"/>
  <testcase name="testDualLoadData" time="0.105" classname="br.com.cinq.sample.controller.AppControllerTest"/>
  <testcase name="testGetCities" time="0.037" classname="br.com.cinq.sample.controller.AppControllerTest"/>
  <testcase name="testLoadData" time="0.028" classname="br.com.cinq.sample.controller.AppControllerTest"/>
  <testcase name="testNoMatchingCountry" time="0.05" classname="br.com.cinq.sample.controller.AppControllerTest"/>
  <testcase name="testFindByName" time="0.009" classname="br.com.cinq.sample.dao.CityDaoImplTest"/>
  <testcase name="testGetAllCities" time="0.008" classname="br.com.cinq.sample.dao.CityDaoImplTest"/>
  <testcase name="testGetMatchingCities" time="0.007" classname="br.com.cinq.sample.dao.CityDaoImplTest"/>
  <testcase name="testInsertDuplicates" time="0.008" classname="br.com.cinq.sample.dao.CityDaoImplTest"/>
  <testcase name="testSaveCity" time="0.01" classname="br.com.cinq.sample.dao.CityDaoImplTest"/>
  <testcase name="testAddCity" time="0.028" classname="br.com.cinq.sample.service.CityServiceImplTest"/>
  <testcase name="testFindByCountryName" time="0.002" classname="br.com.cinq.sample.service.CityServiceImplTest"/>
  <testcase name="testGetAllCities" time="0.0" classname="br.com.cinq.sample.service.CityServiceImplTest"/>
  <testcase name="testGetAllCountries" time="0.004" classname="br.com.cinq.sample.dao.CountryDaoImplTest"/>
  <testcase name="testSaveCountry" time="0.003" classname="br.com.cinq.sample.dao.CountryDaoImplTest"/>
</testsuite> <!-- Command line test -->
